Build started 15.04.2015 15:40:56.
     1>Project "D:\Dokumente\Projekte\MyTracer\MyTracer\MyTracer.vcxproj" on node 2 (Build target(s)).
     1>ClCompile:
         C:\Program Files (x86)\Microsoft Visual Studio 12.0\VC\bin\CL.exe /c /I"D:\Libs\SDL2-2.0.3\include" /ID:\Libs\Eigen /Zi /nologo /W3 /WX- /sdl /O2 /Oi /Ot /Oy /GL /D _MBCS /Gm- /EHsc /MD /GS /Gy /arch:SSE2 /fp:precise /Zc:wchar_t /Zc:forScope /openmp /Fo"Release\\" /Fd"Release\vc120.pdb" /Gd /TP /analyze- /errorReport:prompt PlaneEntity.cpp
         PlaneEntity.cpp
       Link:
         C:\Program Files (x86)\Microsoft Visual Studio 12.0\VC\bin\link.exe /ERRORREPORT:PROMPT /OUT:"D:\Dokumente\Projekte\MyTracer\Release\MyTracer.exe" /NOLOGO /LIBPATH:"D:\Libs\SDL2-2.0.3\lib\x86" SDL2main.lib SDL2.lib kernel32.lib user32.lib gdi32.lib winspool.lib comdlg32.lib advapi32.lib shell32.lib ole32.lib oleaut32.lib uuid.lib odbc32.lib odbccp32.lib /MANIFEST /MANIFESTUAC:"level='asInvoker' uiAccess='false'" /manifest:embed /DEBUG /PDB:"D:\Dokumente\Projekte\MyTracer\Release\MyTracer.pdb" /SUBSYSTEM:WINDOWS /OPT:REF /OPT:ICF /LTCG /TLBID:1 /DYNAMICBASE /NXCOMPAT /IMPLIB:"D:\Dokumente\Projekte\MyTracer\Release\MyTracer.lib" /MACHINE:X86 /SAFESEH Release\Application.obj
         Release\main.obj
         Release\PlaneEntity.obj
         Release\PointLight.obj
         Release\Scene.obj
         Release\Screen.obj
         Release\SphereEntity.obj
         Release\Tracer.obj
         Generating code
         Finished generating code
         MyTracer.vcxproj -> D:\Dokumente\Projekte\MyTracer\Release\MyTracer.exe
     1>Done Building Project "D:\Dokumente\Projekte\MyTracer\MyTracer\MyTracer.vcxproj" (Build target(s)).

Build succeeded.

Time Elapsed 00:00:02.40
